# JRE version: OpenJDK Runtime Environment Corretto-22.0.2.9.1 (22.0.2+9) (build 22.0.2+9-FR)
# Java VM: OpenJDK 64-Bit Server VM Corretto-22.0.2.9.1 (22.0.2+9-FR, mixed mode, emulated-client, sharing, tiered, compressed oops, compressed class ptrs, g1 gc, windows-amd64)
GC Precious Log:
 CardTable entry size: 512
 Card Set container configuration: InlinePtr #cards 4 size 8 Array Of Cards #cards 16 size 48 Howl #buckets 8 coarsen threshold 3686 Howl Bitmap #cards 512 size 80 coarsen threshold 460 Card regions per heap region 1 cards per card region 4096
 CPUs: 8 total, 8 available
 Memory: 16198M
 Large Page Support: Disabled
 NUMA Support: Disabled
 Compressed Oops: Enabled (Zero based)
 Heap Region Size: 2M
 Heap Min Capacity: 8M
 Heap Initial Capacity: 254M
 Heap Max Capacity: 4050M
 Pre-touch: Disabled
 Parallel Workers: 8
 Concurrent Workers: 2
 Concurrent Refinement Workers: 8
 Periodic GC: Disabled
Heap:
 garbage-first heap   total reserved 4147200K, committed 55296K, used 30041K [0x0000000702e00000, 0x0000000800000000)
  region size 2048K, 2 young (4096K), 2 survivors (4096K)
 Metaspace       used 41020K, committed 41664K, reserved 1114112K
  class space    used 5759K, committed 6016K, reserved 1048576K
GC Heap History (20 events):
Event: 18.993 GC heap after
{Heap after GC invocations=5 (full 0):
 garbage-first heap   total reserved 4147200K, committed 55296K, used 18802K [0x0000000702e00000, 0x0000000800000000)
  region size 2048K, 2 young (4096K), 2 survivors (4096K)
 Metaspace       used 22055K, committed 22464K, reserved 1114112K
  class space    used 2978K, committed 3136K, reserved 1048576K
}
Event: 19.646 GC heap before
{Heap before GC invocations=5 (full 0):
 garbage-first heap   total reserved 4147200K, committed 55296K, used 39282K [0x0000000702e00000, 0x0000000800000000)
  region size 2048K, 12 young (24576K), 2 survivors (4096K)
 Metaspace       used 22999K, committed 23424K, reserved 1114112K
  class space    used 3120K, committed 3328K, reserved 1048576K
}
Event: 19.652 GC heap after
{Heap after GC invocations=6 (full 0):
 garbage-first heap   total reserved 4147200K, committed 55296K, used 20280K [0x0000000702e00000, 0x0000000800000000)
  region size 2048K, 1 young (2048K), 1 survivors (2048K)
 Metaspace       used 22999K, committed 23424K, reserved 1114112K
  class space    used 3120K, committed 3328K, reserved 1048576K
}
Event: 20.594 GC heap before
{Heap before GC invocations=6 (full 0):
 garbage-first heap   total reserved 4147200K, committed 55296K, used 42808K [0x0000000702e00000, 0x0000000800000000)
  region size 2048K, 12 young (24576K), 1 survivors (2048K)
 Metaspace       used 25317K, committed 25792K, reserved 1114112K
  class space    used 3421K, committed 3648K, reserved 1048576K
}
Event: 20.599 GC heap after
{Heap after GC invocations=7 (full 0):
 garbage-first heap   total reserved 4147200K, committed 55296K, used 21732K [0x0000000702e00000, 0x0000000800000000)
  region size 2048K, 2 young (4096K), 2 survivors (4096K)
 Metaspace       used 25317K, committed 25792K, reserved 1114112K
  class space    used 3421K, committed 3648K, reserved 1048576K
}
Event: 21.520 GC heap before
{Heap before GC invocations=7 (full 0):
 garbage-first heap   total reserved 4147200K, committed 55296K, used 42212K [0x0000000702e00000, 0x0000000800000000)
  region size 2048K, 12 young (24576K), 2 survivors (4096K)
 Metaspace       used 27081K, committed 27520K, reserved 1114112K
  class space    used 3716K, committed 3904K, reserved 1048576K
}
Event: 21.526 GC heap after
{Heap after GC invocations=8 (full 0):
 garbage-first heap   total reserved 4147200K, committed 55296K, used 23382K [0x0000000702e00000, 0x0000000800000000)
  region size 2048K, 2 young (4096K), 2 survivors (4096K)
 Metaspace       used 27081K, committed 27520K, reserved 1114112K
  class space    used 3716K, committed 3904K, reserved 1048576K
}
Event: 22.349 GC heap before
{Heap before GC invocations=8 (full 0):
 garbage-first heap   total reserved 4147200K, committed 55296K, used 43862K [0x0000000702e00000, 0x0000000800000000)
  region size 2048K, 12 young (24576K), 2 survivors (4096K)
 Metaspace       used 29051K, committed 29504K, reserved 1114112K
  class space    used 4015K, committed 4224K, reserved 1048576K
}
Event: 22.355 GC heap after
{Heap after GC invocations=9 (full 0):
 garbage-first heap   total reserved 4147200K, committed 55296K, used 24851K [0x0000000702e00000, 0x0000000800000000)
  region size 2048K, 2 young (4096K), 2 survivors (4096K)
 Metaspace       used 29051K, committed 29504K, reserved 1114112K
  class space    used 4015K, committed 4224K, reserved 1048576K
}
Event: 23.378 GC heap before
{Heap before GC invocations=9 (full 0):
 garbage-first heap   total reserved 4147200K, committed 55296K, used 45331K [0x0000000702e00000, 0x0000000800000000)
  region size 2048K, 12 young (24576K), 2 survivors (4096K)
 Metaspace       used 33144K, committed 33728K, reserved 1114112K
  class space    used 4569K, committed 4800K, reserved 1048576K
}
Event: 23.385 GC heap after
{Heap after GC invocations=10 (full 0):
 garbage-first heap   total reserved 4147200K, committed 55296K, used 26857K [0x0000000702e00000, 0x0000000800000000)
  region size 2048K, 2 young (4096K), 2 survivors (4096K)
 Metaspace       used 33144K, committed 33728K, reserved 1114112K
  class space    used 4569K, committed 4800K, reserved 1048576K
}
Event: 23.443 GC heap before
{Heap before GC invocations=10 (full 0):
 garbage-first heap   total reserved 4147200K, committed 55296K, used 26857K [0x0000000702e00000, 0x0000000800000000)
  region size 2048K, 3 young (6144K), 2 survivors (4096K)
 Metaspace       used 33197K, committed 33728K, reserved 1114112K
  class space    used 4580K, committed 4800K, reserved 1048576K
}
Event: 23.448 GC heap after
{Heap after GC invocations=11 (full 0):
 garbage-first heap   total reserved 4147200K, committed 55296K, used 26963K [0x0000000702e00000, 0x0000000800000000)
  region size 2048K, 2 young (4096K), 2 survivors (4096K)
 Metaspace       used 33197K, committed 33728K, reserved 1114112K
  class space    used 4580K, committed 4800K, reserved 1048576K
}
Event: 24.089 GC heap before
{Heap before GC invocations=12 (full 0):
 garbage-first heap   total reserved 4147200K, committed 55296K, used 41299K [0x0000000702e00000, 0x0000000800000000)
  region size 2048K, 10 young (20480K), 2 survivors (4096K)
 Metaspace       used 34943K, committed 35456K, reserved 1114112K
  class space    used 4833K, committed 5056K, reserved 1048576K
}
Event: 24.094 GC heap after
{Heap after GC invocations=13 (full 0):
 garbage-first heap   total reserved 4147200K, committed 55296K, used 28180K [0x0000000702e00000, 0x0000000800000000)
  region size 2048K, 2 young (4096K), 2 survivors (4096K)
 Metaspace       used 34943K, committed 35456K, reserved 1114112K
  class space    used 4833K, committed 5056K, reserved 1048576K
}
Event: 24.637 GC heap before
{Heap before GC invocations=13 (full 0):
 garbage-first heap   total reserved 4147200K, committed 55296K, used 42516K [0x0000000702e00000, 0x0000000800000000)
  region size 2048K, 10 young (20480K), 2 survivors (4096K)
 Metaspace       used 36131K, committed 36800K, reserved 1114112K
  class space    used 5013K, committed 5312K, reserved 1048576K
}
Event: 24.644 GC heap after
{Heap after GC invocations=14 (full 0):
 garbage-first heap   total reserved 4147200K, committed 55296K, used 27953K [0x0000000702e00000, 0x0000000800000000)
  region size 2048K, 2 young (4096K), 2 survivors (4096K)
 Metaspace       used 36131K, committed 36800K, reserved 1114112K
  class space    used 5013K, committed 5312K, reserved 1048576K
}
Event: 25.210 GC heap before
{Heap before GC invocations=14 (full 0):
 garbage-first heap   total reserved 4147200K, committed 55296K, used 44337K [0x0000000702e00000, 0x0000000800000000)
  region size 2048K, 10 young (20480K), 2 survivors (4096K)
 Metaspace       used 36749K, committed 37376K, reserved 1114112K
  class space    used 5134K, committed 5440K, reserved 1048576K
}
Event: 25.216 GC heap after
{Heap after GC invocations=15 (full 0):
 garbage-first heap   total reserved 4147200K, committed 55296K, used 29369K [0x0000000702e00000, 0x0000000800000000)
  region size 2048K, 2 young (4096K), 2 survivors (4096K)
 Metaspace       used 36749K, committed 37376K, reserved 1114112K
  class space    used 5134K, committed 5440K, reserved 1048576K
}
Event: 26.142 GC heap before
{Heap before GC invocations=16 (full 0):
 garbage-first heap   total reserved 4147200K, committed 55296K, used 45753K [0x0000000702e00000, 0x0000000800000000)
  region size 2048K, 10 young (20480K), 2 survivors (4096K)
 Metaspace       used 41020K, committed 41664K, reserved 1114112K
  class space    used 5759K, committed 6016K, reserved 1048576K
}

